cropper/build/intermediates/manifest_merge_blame_file/debug/manifest-merger-blame-debug-report.txt
1<?xml version="1.0" encoding="utf-8"?>
2<manifest xmlns:android="http://schemas.android.com/apk/res/android"
3    package="com.theartofdev.edmodo.cropper" >
4
5    <uses-sdk
6        android:minSdkVersion="19"
6-->src/main/AndroidManifest.xml
7        android:targetSdkVersion="28" />
7-->src/main/AndroidManifest.xml
8
9    <uses-permission android:name="android.permission.READ_EXTERNAL_STORAGE" />
9-->src/main/AndroidManifest.xml:6:5-79
9-->src/main/AndroidManifest.xml:6:22-77
10
11    <application
11-->src/main/AndroidManifest.xml:8:5-12:19
12        android:supportsRtl="true"
12-->src/main/AndroidManifest.xml:10:9-35
13        android:theme="@style/AppTheme" >
13-->src/main/AndroidManifest.xml:9:9-40
14        <activity
14-->src/main/AndroidManifest.xml:11:9-115
15            android:name="com.theartofdev.edmodo.cropper.CropImageActivity"
15-->src/main/AndroidManifest.xml:11:19-82
16            android:label="Image Cropper" />
16-->src/main/AndroidManifest.xml:11:84-113
17    </application>
18
19</manifest>